<?xml version="1.0" encoding="UTF-8"?>
<testsuite xmlns:xsi="http://www.w3.org/2001/XMLSchema-instance" xsi:noNamespaceSchemaLocation="https://maven.apache.org/surefire/maven-surefire-plugin/xsd/surefire-test-report-3.0.xsd" version="3.0" name="com.hemantkgupta.concurrency.level1_basics.ThreadCreationBasicsTest" time="3.81" tests="7" errors="0" skipped="0" failures="0">
  <properties>
[...]
</properties>
  <testcase name="testRunVsStart" classname="com.hemantkgupta.concurrency.level1_basics.ThreadCreationBasicsTest" time="0.002"/>
  <testcase name="testRunnableExecution" classname="com.hemantkgupta.concurrency.level1_basics.ThreadCreationBasicsTest" time="0.512"/>
  <testcase name="testWorkerThreadExecution" classname="com.hemantkgupta.concurrency.level1_basics.ThreadCreationBasicsTest" time="1.004">
    <system-out><![CDATA[17:36:03.665 [Worker-Test-Task] INFO  c.h.c.l.ThreadCreationBasics - Thread Worker-Test-Task starting task: Test-Task
17:36:04.666 [Worker-Test-Task] INFO  c.h.c.l.ThreadCreationBasics - Thread Worker-Test-Task completed task: Test-Task
]]></system-out>
  </testcase>
  <testcase name="testConcurrentExecution" classname="com.hemantkgupta.concurrency.level1_basics.ThreadCreationBasicsTest" time="0.103"/>
  <testcase name="testThreadStates" classname="com.hemantkgupta.concurrency.level1_basics.ThreadCreationBasicsTest" time="1.007"/>
  <testcase name="testThreadInterrupt" classname="com.hemantkgupta.concurrency.level1_basics.ThreadCreationBasicsTest" time="0.105"/>
  <testcase name="testAwaitilityPattern" classname="com.hemantkgupta.concurrency.level1_basics.ThreadCreationBasicsTest" time="1.069"/>
</testsuite>