<?xml version="1.0" encoding="UTF-8"?>
<testsuite xmlns:xsi="http://www.w3.org/2001/XMLSchema-instance" xsi:noNamespaceSchemaLocation="https://maven.apache.org/surefire/maven-surefire-plugin/xsd/surefire-test-report-3.0.xsd" version="3.0" name="com.hemantkgupta.concurrency.level1_basics.VolatileAndMemoryVisibilityTest" time="4.828" tests="10" errors="0" skipped="0" failures="0">
  <properties>
[...]
</properties>
  <testcase name="testVolatileNonAtomicity" classname="com.hemantkgupta.concurrency.level1_basics.VolatileAndMemoryVisibilityTest" time="0.107">
    <system-out><![CDATA[17:35:58,358 |-INFO in ch.qos.logback.classic.LoggerContext[default] - This is logback-classic version 1.4.14
17:35:58,358 |-INFO in ch.qos.logback.classic.util.ContextInitializer@5fb759d6 - No custom configurators were discovered as a service.
17:35:58,358 |-INFO in ch.qos.logback.classic.util.ContextInitializer@5fb759d6 - Trying to configure with ch.qos.logback.classic.joran.SerializedModelConfigurator
17:35:58,361 |-INFO in ch.qos.logback.classic.util.ContextInitializer@5fb759d6 - Constructed configurator of type class ch.qos.logback.classic.joran.SerializedModelConfigurator
17:35:58,363 |-INFO in ch.qos.logback.classic.LoggerContext[default] - Could NOT find resource [logback-test.scmo]
17:35:58,364 |-INFO in ch.qos.logback.classic.LoggerContext[default] - Could NOT find resource [logback.scmo]
17:35:58,367 |-INFO in ch.qos.logback.classic.util.ContextInitializer@5fb759d6 - ch.qos.logback.classic.joran.SerializedModelConfigurator.configure() call lasted 3 milliseconds. ExecutionStatus=INVOKE_NEXT_IF_ANY
17:35:58,367 |-INFO in ch.qos.logback.classic.util.ContextInitializer@5fb759d6 - Trying to configure with ch.qos.logback.classic.util.DefaultJoranConfigurator
17:35:58,367 |-INFO in ch.qos.logback.classic.util.ContextInitializer@5fb759d6 - Constructed configurator of type class ch.qos.logback.classic.util.DefaultJoranConfigurator
17:35:58,368 |-INFO in ch.qos.logback.classic.LoggerContext[default] - Found resource [logback-test.xml] at [file:/Users/hemantkgupta/offline/java-work-all/java-concurrency/target/test-classes/logback-test.xml]
17:35:58,410 |-INFO in ch.qos.logback.core.model.processor.AppenderModelHandler - Processing appender named [CONSOLE]
17:35:58,410 |-INFO in ch.qos.logback.core.model.processor.AppenderModelHandler - About to instantiate appender of type [ch.qos.logback.core.ConsoleAppender]
17:35:58,413 |-INFO in ch.qos.logback.core.model.processor.ImplicitModelHandler - Assuming default type [ch.qos.logback.classic.encoder.PatternLayoutEncoder] for [encoder] property
17:35:58,427 |-WARN in ch.qos.logback.core.model.processor.AppenderModelHandler - Appender named [FILE] not referenced. Skipping further processing.
17:35:58,427 |-INFO in ch.qos.logback.classic.model.processor.RootLoggerModelHandler - Setting level of ROOT logger to INFO
17:35:58,427 |-INFO in ch.qos.logback.core.model.processor.AppenderRefModelHandler - Attaching appender named [CONSOLE] to Logger[ROOT]
17:35:58,427 |-INFO in ch.qos.logback.classic.model.processor.LoggerModelHandler - Setting level of logger [com.meta.concurrency] to DEBUG
17:35:58,427 |-INFO in ch.qos.logback.core.model.processor.DefaultProcessor@4b8d604b - End of configuration.
17:35:58,427 |-INFO in ch.qos.logback.classic.joran.JoranConfigurator@5e7cd6cc - Registering current configuration as safe fallback point
17:35:58,427 |-INFO in ch.qos.logback.classic.util.ContextInitializer@5fb759d6 - ch.qos.logback.classic.util.DefaultJoranConfigurator.configure() call lasted 60 milliseconds. ExecutionStatus=DO_NOT_INVOKE_NEXT_IF_ANY

17:35:58.430 [main] INFO  c.h.c.l.VolatileAndMemoryVisibility - Expected: 10000, Actual: 10000 (race condition!)
]]></system-out>
  </testcase>
  <testcase name="testSingletonDoubleCheckedLocking" classname="com.hemantkgupta.concurrency.level1_basics.VolatileAndMemoryVisibilityTest" time="0.025"/>
  <testcase name="testGracefulShutdown" classname="com.hemantkgupta.concurrency.level1_basics.VolatileAndMemoryVisibilityTest" time="1.041">
    <system-out><![CDATA[17:35:58.462 [Worker] INFO  c.h.c.l.VolatileAndMemoryVisibility - Worker started
17:35:59.468 [main] INFO  c.h.c.l.VolatileAndMemoryVisibility - Requesting shutdown
17:35:59.500 [Worker] INFO  c.h.c.l.VolatileAndMemoryVisibility - Worker shutting down gracefully after 10 tasks
]]></system-out>
  </testcase>
  <testcase name="testHappensBeforeGuarantee" classname="com.hemantkgupta.concurrency.level1_basics.VolatileAndMemoryVisibilityTest" time="0.109"/>
  <testcase name="testVolatileRepeated" classname="com.hemantkgupta.concurrency.level1_basics.VolatileAndMemoryVisibilityTest" time="0.503"/>
  <testcase name="testVolatileRepeated" classname="com.hemantkgupta.concurrency.level1_basics.VolatileAndMemoryVisibilityTest" time="0.503"/>
  <testcase name="testVolatileRepeated" classname="com.hemantkgupta.concurrency.level1_basics.VolatileAndMemoryVisibilityTest" time="0.506"/>
  <testcase name="testVolatileRepeated" classname="com.hemantkgupta.concurrency.level1_basics.VolatileAndMemoryVisibilityTest" time="0.503"/>
  <testcase name="testVolatileRepeated" classname="com.hemantkgupta.concurrency.level1_basics.VolatileAndMemoryVisibilityTest" time="0.502"/>
  <testcase name="testVolatileVisibility" classname="com.hemantkgupta.concurrency.level1_basics.VolatileAndMemoryVisibilityTest" time="1.007">
    <system-out><![CDATA[17:36:02.140 [Reader-Thread] INFO  c.h.c.l.VolatileAndMemoryVisibility - Reader: Starting to read
17:36:03.145 [Writer-Thread] INFO  c.h.c.l.VolatileAndMemoryVisibility - Writer: Setting running to false
17:36:03.145 [Reader-Thread] INFO  c.h.c.l.VolatileAndMemoryVisibility - Reader: Exited loop after 1764360359 iterations, counter=42
17:36:03.145 [main] INFO  c.h.c.l.VolatileAndMemoryVisibility - SUCCESS: Reader thread terminated correctly
]]></system-out>
  </testcase>
</testsuite>